<?xml version="1.0" encoding="UTF-8"?>
<testsuites>
  <testsuite name="CodeIgniter Application Test Suite" tests="6" assertions="16" errors="0" failures="0" skipped="0" time="0.136278">
    <testsuite name="gerenciar_rodoviaria_controller_test" file="C:\Users\sandr\xampp\htdocs\rpv\application\tests\controllers\gerenciar_rodoviaria_controller_test.php" tests="3" assertions="3" errors="0" failures="0" skipped="0" time="0.001647">
      <testcase name="testIndex" class="gerenciar_rodoviaria_controller_test" classname="gerenciar_rodoviaria_controller_test" file="C:\Users\sandr\xampp\htdocs\rpv\application\tests\controllers\gerenciar_rodoviaria_controller_test.php" line="13" assertions="1" time="0.000567"/>
      <testcase name="testErrorMessenge" class="gerenciar_rodoviaria_controller_test" classname="gerenciar_rodoviaria_controller_test" file="C:\Users\sandr\xampp\htdocs\rpv\application\tests\controllers\gerenciar_rodoviaria_controller_test.php" line="18" assertions="1" time="0.000552"/>
      <testcase name="testSucessMessenge" class="gerenciar_rodoviaria_controller_test" classname="gerenciar_rodoviaria_controller_test" file="C:\Users\sandr\xampp\htdocs\rpv\application\tests\controllers\gerenciar_rodoviaria_controller_test.php" line="22" assertions="1" time="0.000528"/>
    </testsuite>
    <testsuite name="rodoviaria_model_test" file="C:\Users\sandr\xampp\htdocs\rpv\application\tests\models\rodoviaria_model_test.php" tests="3" assertions="13" errors="0" failures="0" skipped="0" time="0.134631">
      <testcase name="testGetRodoviariasIsNotEmpty" class="rodoviaria_model_test" classname="rodoviaria_model_test" file="C:\Users\sandr\xampp\htdocs\rpv\application\tests\models\rodoviaria_model_test.php" line="19" assertions="1" time="0.101107">
        <system-out>&#13;
&#13;
</system-out>
      </testcase>
      <testcase name="testGetRodoviariasCidadeTest" class="rodoviaria_model_test" classname="rodoviaria_model_test" file="C:\Users\sandr\xampp\htdocs\rpv\application\tests\models\rodoviaria_model_test.php" line="26" assertions="11" time="0.009038">
        <system-out>&#13;
&#13;
</system-out>
      </testcase>
      <testcase name="testInsertionRodoviariaCidadeCorreta" class="rodoviaria_model_test" classname="rodoviaria_model_test" file="C:\Users\sandr\xampp\htdocs\rpv\application\tests\models\rodoviaria_model_test.php" line="38" assertions="1" time="0.024486">
        <system-out>&#13;
&#13;
</system-out>
      </testcase>
    </testsuite>
  </testsuite>
</testsuites>
