<?xml version="1.0" encoding="UTF-8"?>
<testsuites>
Filename:    C:\Users\sandr\xampp\htdocs\rpv\application\config\routes.php
  <testsuite name="CodeIgniter Application Test Suite" tests="1" assertions="1" errors="0" failures="0" skipped="0" time="0.001159">
    <testsuite name="Result_test" file="C:\PHPProjects\rpv\application\tests\models\Result_test.php" tests="1" assertions="1" errors="0" failures="0" skipped="0" time="0.001159">
      <testcase name="testAssert" class="Result_test" classname="Result_test" file="C:\PHPProjects\rpv\application\tests\models\Result_test.php" line="10" assertions="1" time="0.001159"/>
    </testsuite>
  </testsuite>
</testsuites>
