<?xml version="1.0" encoding="UTF-8"?>
<testsuites>
  <testsuite name="CodeIgniter Application Test Suite" tests="1" assertions="1" errors="0" failures="0" skipped="0" time="0.000502">
    <testsuite name="Result_test" file="C:\Users\sandr\xampp\htdocs\rpv\application\tests\models\Result_test.php" tests="1" assertions="1" errors="0" failures="0" skipped="0" time="0.000502">
      <testcase name="testAssert" class="Result_test" classname="Result_test" file="C:\Users\sandr\xampp\htdocs\rpv\application\tests\models\Result_test.php" line="10" assertions="1" time="0.000502"/>
    </testsuite>
  </testsuite>
</testsuites>
