<?xml version="1.0" encoding="UTF-8"?>
<testsuites>
  <testsuite name="CodeIgniter Application Test Suite" tests="6" assertions="6" errors="0" failures="0" skipped="0" time="0.099941">
    <testsuite name="gerenciar_rodoviaria_controller_test" file="C:\Users\sandr\xampp\htdocs\rpv\application\tests\controllers\gerenciar_rodoviaria_controller_test.php" tests="3" assertions="3" errors="0" failures="0" skipped="0" time="0.002741">
      <testcase name="testIndex" class="gerenciar_rodoviaria_controller_test" classname="gerenciar_rodoviaria_controller_test" file="C:\Users\sandr\xampp\htdocs\rpv\application\tests\controllers\gerenciar_rodoviaria_controller_test.php" line="13" assertions="1" time="0.001197"/>
      <testcase name="testErrorMessenge" class="gerenciar_rodoviaria_controller_test" classname="gerenciar_rodoviaria_controller_test" file="C:\Users\sandr\xampp\htdocs\rpv\application\tests\controllers\gerenciar_rodoviaria_controller_test.php" line="18" assertions="1" time="0.000825"/>
      <testcase name="testSucessMessenge" class="gerenciar_rodoviaria_controller_test" classname="gerenciar_rodoviaria_controller_test" file="C:\Users\sandr\xampp\htdocs\rpv\application\tests\controllers\gerenciar_rodoviaria_controller_test.php" line="22" assertions="1" time="0.000719"/>
    </testsuite>
    <testsuite name="rodoviaria_model_test" file="C:\Users\sandr\xampp\htdocs\rpv\application\tests\models\rodoviaria_model_test.php" tests="3" assertions="3" errors="0" failures="0" skipped="0" time="0.097200">
      <testcase name="testGetRodoviariasIsNotEmpty" class="rodoviaria_model_test" classname="rodoviaria_model_test" file="C:\Users\sandr\xampp\htdocs\rpv\application\tests\models\rodoviaria_model_test.php" line="19" assertions="1" time="0.035088">
        <system-out>&#13;
&#13;
</system-out>
      </testcase>
      <testcase name="testGetRodoviariasCidadeTest" class="rodoviaria_model_test" classname="rodoviaria_model_test" file="C:\Users\sandr\xampp\htdocs\rpv\application\tests\models\rodoviaria_model_test.php" line="26" assertions="1" time="0.031122">
        <system-out>&#13;
&#13;
</system-out>
      </testcase>
      <testcase name="testInsertionRodoviariaCidadeCorreta" class="rodoviaria_model_test" classname="rodoviaria_model_test" file="C:\Users\sandr\xampp\htdocs\rpv\application\tests\models\rodoviaria_model_test.php" line="37" assertions="1" time="0.030990">
        <system-out>&#13;
&#13;
</system-out>
      </testcase>
    </testsuite>
  </testsuite>
</testsuites>
