<?xml version="1.0" encoding="UTF-8"?>
<testsuites>
  <testsuite name="CodeIgniter Application Test Suite" tests="6" assertions="14" errors="0" failures="0" skipped="0" time="0.086443">
    <testsuite name="gerenciar_rodoviaria_controller_test" file="C:\Users\sandr\xampp\htdocs\rpv\application\tests\controllers\gerenciar_rodoviaria_controller_test.php" tests="3" assertions="3" errors="0" failures="0" skipped="0" time="0.002636">
      <testcase name="testIndex" class="gerenciar_rodoviaria_controller_test" classname="gerenciar_rodoviaria_controller_test" file="C:\Users\sandr\xampp\htdocs\rpv\application\tests\controllers\gerenciar_rodoviaria_controller_test.php" line="13" assertions="1" time="0.001058"/>
      <testcase name="testErrorMessenge" class="gerenciar_rodoviaria_controller_test" classname="gerenciar_rodoviaria_controller_test" file="C:\Users\sandr\xampp\htdocs\rpv\application\tests\controllers\gerenciar_rodoviaria_controller_test.php" line="18" assertions="1" time="0.000912"/>
      <testcase name="testSucessMessenge" class="gerenciar_rodoviaria_controller_test" classname="gerenciar_rodoviaria_controller_test" file="C:\Users\sandr\xampp\htdocs\rpv\application\tests\controllers\gerenciar_rodoviaria_controller_test.php" line="22" assertions="1" time="0.000666"/>
    </testsuite>
    <testsuite name="rodoviaria_model_test" file="C:\Users\sandr\xampp\htdocs\rpv\application\tests\models\rodoviaria_model_test.php" tests="3" assertions="11" errors="0" failures="0" skipped="0" time="0.083807">
      <testcase name="testGetRodoviariasIsNotEmpty" class="rodoviaria_model_test" classname="rodoviaria_model_test" file="C:\Users\sandr\xampp\htdocs\rpv\application\tests\models\rodoviaria_model_test.php" line="19" assertions="1" time="0.038883">
        <system-out>&#13;
&#13;
</system-out>
      </testcase>
      <testcase name="testGetRodoviariasCidadeTest" class="rodoviaria_model_test" classname="rodoviaria_model_test" file="C:\Users\sandr\xampp\htdocs\rpv\application\tests\models\rodoviaria_model_test.php" line="27" assertions="9" time="0.019086">
        <system-out>&#13;
&#13;
</system-out>
      </testcase>
      <testcase name="testInsertionRodoviariaCidadeCorreta" class="rodoviaria_model_test" classname="rodoviaria_model_test" file="C:\Users\sandr\xampp\htdocs\rpv\application\tests\models\rodoviaria_model_test.php" line="36" assertions="1" time="0.025838">
        <system-out>&#13;
&#13;
</system-out>
      </testcase>
    </testsuite>
  </testsuite>
</testsuites>
