<?xml version="1.0" encoding="UTF-8"?>
<testsuites>
  <testsuite name="CodeIgniter Application Test Suite" tests="6" assertions="42" errors="0" failures="0" skipped="0" time="0.193650">
    <testsuite name="gerenciar_rodoviaria_controller_test" file="C:\Users\sandr\xampp\htdocs\rpv\application\tests\controllers\gerenciar_rodoviaria_controller_test.php" tests="3" assertions="3" errors="0" failures="0" skipped="0" time="0.002275">
      <testcase name="testIndex" class="gerenciar_rodoviaria_controller_test" classname="gerenciar_rodoviaria_controller_test" file="C:\Users\sandr\xampp\htdocs\rpv\application\tests\controllers\gerenciar_rodoviaria_controller_test.php" line="13" assertions="1" time="0.001005"/>
      <testcase name="testErrorMessenge" class="gerenciar_rodoviaria_controller_test" classname="gerenciar_rodoviaria_controller_test" file="C:\Users\sandr\xampp\htdocs\rpv\application\tests\controllers\gerenciar_rodoviaria_controller_test.php" line="18" assertions="1" time="0.000669"/>
      <testcase name="testSucessMessenge" class="gerenciar_rodoviaria_controller_test" classname="gerenciar_rodoviaria_controller_test" file="C:\Users\sandr\xampp\htdocs\rpv\application\tests\controllers\gerenciar_rodoviaria_controller_test.php" line="22" assertions="1" time="0.000601"/>
    </testsuite>
    <testsuite name="rodoviaria_model_test" file="C:\Users\sandr\xampp\htdocs\rpv\application\tests\models\rodoviaria_model_test.php" tests="3" assertions="39" errors="0" failures="0" skipped="0" time="0.191375">
      <testcase name="testGetRodoviariasIsNotEmpty" class="rodoviaria_model_test" classname="rodoviaria_model_test" file="C:\Users\sandr\xampp\htdocs\rpv\application\tests\models\rodoviaria_model_test.php" line="19" assertions="1" time="0.039872">
        <system-out>&#13;
&#13;
</system-out>
      </testcase>
      <testcase name="testGetRodoviariasCidadeTest" class="rodoviaria_model_test" classname="rodoviaria_model_test" file="C:\Users\sandr\xampp\htdocs\rpv\application\tests\models\rodoviaria_model_test.php" line="27" assertions="37" time="0.125892">
        <system-out>&#13;
&#13;
&#13;
A PHP Error was encountered&#13;
&#13;
Severity:    Warning
Message:     count(): Parameter must be an array or an object that implements Countable
Filename:    C:\Users\sandr\xampp\htdocs\rpv\application\tests\models\rodoviaria_model_test.php
Line Number: 32&#13;
&#13;
Backtrace:&#13;
	File: C:\Users\sandr\xampp\htdocs\rpv\application\tests\models\rodoviaria_model_test.php
	Line: 32
	Function: _error_handler

	File: phar://C:/Users/sandr/xampp/php/phpunit/phpunit/Framework/TestCase.php
	Line: 1153
	Function: testGetRodoviariasCidadeTest

	File: phar://C:/Users/sandr/xampp/php/phpunit/phpunit/Framework/TestCase.php
	Line: 842
	Function: runTest

	File: phar://C:/Users/sandr/xampp/php/phpunit/phpunit/Framework/TestResult.php
	Line: 687
	Function: runBare

	File: phar://C:/Users/sandr/xampp/php/phpunit/phpunit/Framework/TestCase.php
	Line: 796
	Function: run

	File: phar://C:/Users/sandr/xampp/php/phpunit/phpunit/Framework/TestSuite.php
	Line: 746
	Function: run

	File: phar://C:/Users/sandr/xampp/php/phpunit/phpunit/Framework/TestSuite.php
	Line: 746
	Function: run

	File: phar://C:/Users/sandr/xampp/php/phpunit/phpunit/TextUI/TestRunner.php
	Line: 641
	Function: run

	File: phar://C:/Users/sandr/xampp/php/phpunit/phpunit/TextUI/Command.php
	Line: 206
	Function: doRun

	File: phar://C:/Users/sandr/xampp/php/phpunit/phpunit/TextUI/Command.php
	Line: 162
	Function: run

	File: C:\Users\sandr\xampp\php\phpunit
	Line: 614
	Function: main

&#13;
&#13;
A PHP Error was encountered&#13;
&#13;
Severity:    Warning
Message:     count(): Parameter must be an array or an object that implements Countable
Filename:    C:\Users\sandr\xampp\htdocs\rpv\application\tests\models\rodoviaria_model_test.php
Line Number: 32&#13;
&#13;
Backtrace:&#13;
	File: C:\Users\sandr\xampp\htdocs\rpv\application\tests\models\rodoviaria_model_test.php
	Line: 32
	Function: _error_handler

	File: phar://C:/Users/sandr/xampp/php/phpunit/phpunit/Framework/TestCase.php
	Line: 1153
	Function: testGetRodoviariasCidadeTest

	File: phar://C:/Users/sandr/xampp/php/phpunit/phpunit/Framework/TestCase.php
	Line: 842
	Function: runTest

	File: phar://C:/Users/sandr/xampp/php/phpunit/phpunit/Framework/TestResult.php
	Line: 687
	Function: runBare

	File: phar://C:/Users/sandr/xampp/php/phpunit/phpunit/Framework/TestCase.php
	Line: 796
	Function: run

	File: phar://C:/Users/sandr/xampp/php/phpunit/phpunit/Framework/TestSuite.php
	Line: 746
	Function: run

	File: phar://C:/Users/sandr/xampp/php/phpunit/phpunit/Framework/TestSuite.php
	Line: 746
	Function: run

	File: phar://C:/Users/sandr/xampp/php/phpunit/phpunit/TextUI/TestRunner.php
	Line: 641
	Function: run

	File: phar://C:/Users/sandr/xampp/php/phpunit/phpunit/TextUI/Command.php
	Line: 206
	Function: doRun

	File: phar://C:/Users/sandr/xampp/php/phpunit/phpunit/TextUI/Command.php
	Line: 162
	Function: run

	File: C:\Users\sandr\xampp\php\phpunit
	Line: 614
	Function: main

&#13;
&#13;
A PHP Error was encountered&#13;
&#13;
Severity:    Warning
Message:     count(): Parameter must be an array or an object that implements Countable
Filename:    C:\Users\sandr\xampp\htdocs\rpv\application\tests\models\rodoviaria_model_test.php
Line Number: 32&#13;
&#13;
Backtrace:&#13;
	File: C:\Users\sandr\xampp\htdocs\rpv\application\tests\models\rodoviaria_model_test.php
	Line: 32
	Function: _error_handler

	File: phar://C:/Users/sandr/xampp/php/phpunit/phpunit/Framework/TestCase.php
	Line: 1153
	Function: testGetRodoviariasCidadeTest

	File: phar://C:/Users/sandr/xampp/php/phpunit/phpunit/Framework/TestCase.php
	Line: 842
	Function: runTest

	File: phar://C:/Users/sandr/xampp/php/phpunit/phpunit/Framework/TestResult.php
	Line: 687
	Function: runBare

	File: phar://C:/Users/sandr/xampp/php/phpunit/phpunit/Framework/TestCase.php
	Line: 796
	Function: run

	File: phar://C:/Users/sandr/xampp/php/phpunit/phpunit/Framework/TestSuite.php
	Line: 746
	Function: run

	File: phar://C:/Users/sandr/xampp/php/phpunit/phpunit/Framework/TestSuite.php
	Line: 746
	Function: run

	File: phar://C:/Users/sandr/xampp/php/phpunit/phpunit/TextUI/TestRunner.php
	Line: 641
	Function: run

	File: phar://C:/Users/sandr/xampp/php/phpunit/phpunit/TextUI/Command.php
	Line: 206
	Function: doRun

	File: phar://C:/Users/sandr/xampp/php/phpunit/phpunit/TextUI/Command.php
	Line: 162
	Function: run

	File: C:\Users\sandr\xampp\php\phpunit
	Line: 614
	Function: main

&#13;
&#13;
A PHP Error was encountered&#13;
&#13;
Severity:    Warning
Message:     count(): Parameter must be an array or an object that implements Countable
Filename:    C:\Users\sandr\xampp\htdocs\rpv\application\tests\models\rodoviaria_model_test.php
Line Number: 32&#13;
&#13;
Backtrace:&#13;
	File: C:\Users\sandr\xampp\htdocs\rpv\application\tests\models\rodoviaria_model_test.php
	Line: 32
	Function: _error_handler

	File: phar://C:/Users/sandr/xampp/php/phpunit/phpunit/Framework/TestCase.php
	Line: 1153
	Function: testGetRodoviariasCidadeTest

	File: phar://C:/Users/sandr/xampp/php/phpunit/phpunit/Framework/TestCase.php
	Line: 842
	Function: runTest

	File: phar://C:/Users/sandr/xampp/php/phpunit/phpunit/Framework/TestResult.php
	Line: 687
	Function: runBare

	File: phar://C:/Users/sandr/xampp/php/phpunit/phpunit/Framework/TestCase.php
	Line: 796
	Function: run

	File: phar://C:/Users/sandr/xampp/php/phpunit/phpunit/Framework/TestSuite.php
	Line: 746
	Function: run

	File: phar://C:/Users/sandr/xampp/php/phpunit/phpunit/Framework/TestSuite.php
	Line: 746
	Function: run

	File: phar://C:/Users/sandr/xampp/php/phpunit/phpunit/TextUI/TestRunner.php
	Line: 641
	Function: run

	File: phar://C:/Users/sandr/xampp/php/phpunit/phpunit/TextUI/Command.php
	Line: 206
	Function: doRun

	File: phar://C:/Users/sandr/xampp/php/phpunit/phpunit/TextUI/Command.php
	Line: 162
	Function: run

	File: C:\Users\sandr\xampp\php\phpunit
	Line: 614
	Function: main

&#13;
&#13;
A PHP Error was encountered&#13;
&#13;
Severity:    Warning
Message:     count(): Parameter must be an array or an object that implements Countable
Filename:    C:\Users\sandr\xampp\htdocs\rpv\application\tests\models\rodoviaria_model_test.php
Line Number: 32&#13;
&#13;
Backtrace:&#13;
	File: C:\Users\sandr\xampp\htdocs\rpv\application\tests\models\rodoviaria_model_test.php
	Line: 32
	Function: _error_handler

	File: phar://C:/Users/sandr/xampp/php/phpunit/phpunit/Framework/TestCase.php
	Line: 1153
	Function: testGetRodoviariasCidadeTest

	File: phar://C:/Users/sandr/xampp/php/phpunit/phpunit/Framework/TestCase.php
	Line: 842
	Function: runTest

	File: phar://C:/Users/sandr/xampp/php/phpunit/phpunit/Framework/TestResult.php
	Line: 687
	Function: runBare

	File: phar://C:/Users/sandr/xampp/php/phpunit/phpunit/Framework/TestCase.php
	Line: 796
	Function: run

	File: phar://C:/Users/sandr/xampp/php/phpunit/phpunit/Framework/TestSuite.php
	Line: 746
	Function: run

	File: phar://C:/Users/sandr/xampp/php/phpunit/phpunit/Framework/TestSuite.php
	Line: 746
	Function: run

	File: phar://C:/Users/sandr/xampp/php/phpunit/phpunit/TextUI/TestRunner.php
	Line: 641
	Function: run

	File: phar://C:/Users/sandr/xampp/php/phpunit/phpunit/TextUI/Command.php
	Line: 206
	Function: doRun

	File: phar://C:/Users/sandr/xampp/php/phpunit/phpunit/TextUI/Command.php
	Line: 162
	Function: run

	File: C:\Users\sandr\xampp\php\phpunit
	Line: 614
	Function: main

&#13;
&#13;
A PHP Error was encountered&#13;
&#13;
Severity:    Warning
Message:     count(): Parameter must be an array or an object that implements Countable
Filename:    C:\Users\sandr\xampp\htdocs\rpv\application\tests\models\rodoviaria_model_test.php
Line Number: 32&#13;
&#13;
Backtrace:&#13;
	File: C:\Users\sandr\xampp\htdocs\rpv\application\tests\models\rodoviaria_model_test.php
	Line: 32
	Function: _error_handler

	File: phar://C:/Users/sandr/xampp/php/phpunit/phpunit/Framework/TestCase.php
	Line: 1153
	Function: testGetRodoviariasCidadeTest

	File: phar://C:/Users/sandr/xampp/php/phpunit/phpunit/Framework/TestCase.php
	Line: 842
	Function: runTest

	File: phar://C:/Users/sandr/xampp/php/phpunit/phpunit/Framework/TestResult.php
	Line: 687
	Function: runBare

	File: phar://C:/Users/sandr/xampp/php/phpunit/phpunit/Framework/TestCase.php
	Line: 796
	Function: run

	File: phar://C:/Users/sandr/xampp/php/phpunit/phpunit/Framework/TestSuite.php
	Line: 746
	Function: run

	File: phar://C:/Users/sandr/xampp/php/phpunit/phpunit/Framework/TestSuite.php
	Line: 746
	Function: run

	File: phar://C:/Users/sandr/xampp/php/phpunit/phpunit/TextUI/TestRunner.php
	Line: 641
	Function: run

	File: phar://C:/Users/sandr/xampp/php/phpunit/phpunit/TextUI/Command.php
	Line: 206
	Function: doRun

	File: phar://C:/Users/sandr/xampp/php/phpunit/phpunit/TextUI/Command.php
	Line: 162
	Function: run

	File: C:\Users\sandr\xampp\php\phpunit
	Line: 614
	Function: main

&#13;
&#13;
A PHP Error was encountered&#13;
&#13;
Severity:    Warning
Message:     count(): Parameter must be an array or an object that implements Countable
Filename:    C:\Users\sandr\xampp\htdocs\rpv\application\tests\models\rodoviaria_model_test.php
Line Number: 32&#13;
&#13;
Backtrace:&#13;
	File: C:\Users\sandr\xampp\htdocs\rpv\application\tests\models\rodoviaria_model_test.php
	Line: 32
	Function: _error_handler

	File: phar://C:/Users/sandr/xampp/php/phpunit/phpunit/Framework/TestCase.php
	Line: 1153
	Function: testGetRodoviariasCidadeTest

	File: phar://C:/Users/sandr/xampp/php/phpunit/phpunit/Framework/TestCase.php
	Line: 842
	Function: runTest

	File: phar://C:/Users/sandr/xampp/php/phpunit/phpunit/Framework/TestResult.php
	Line: 687
	Function: runBare

	File: phar://C:/Users/sandr/xampp/php/phpunit/phpunit/Framework/TestCase.php
	Line: 796
	Function: run

	File: phar://C:/Users/sandr/xampp/php/phpunit/phpunit/Framework/TestSuite.php
	Line: 746
	Function: run

	File: phar://C:/Users/sandr/xampp/php/phpunit/phpunit/Framework/TestSuite.php
	Line: 746
	Function: run

	File: phar://C:/Users/sandr/xampp/php/phpunit/phpunit/TextUI/TestRunner.php
	Line: 641
	Function: run

	File: phar://C:/Users/sandr/xampp/php/phpunit/phpunit/TextUI/Command.php
	Line: 206
	Function: doRun

	File: phar://C:/Users/sandr/xampp/php/phpunit/phpunit/TextUI/Command.php
	Line: 162
	Function: run

	File: C:\Users\sandr\xampp\php\phpunit
	Line: 614
	Function: main

&#13;
&#13;
A PHP Error was encountered&#13;
&#13;
Severity:    Warning
Message:     count(): Parameter must be an array or an object that implements Countable
Filename:    C:\Users\sandr\xampp\htdocs\rpv\application\tests\models\rodoviaria_model_test.php
Line Number: 32&#13;
&#13;
Backtrace:&#13;
	File: C:\Users\sandr\xampp\htdocs\rpv\application\tests\models\rodoviaria_model_test.php
	Line: 32
	Function: _error_handler

	File: phar://C:/Users/sandr/xampp/php/phpunit/phpunit/Framework/TestCase.php
	Line: 1153
	Function: testGetRodoviariasCidadeTest

	File: phar://C:/Users/sandr/xampp/php/phpunit/phpunit/Framework/TestCase.php
	Line: 842
	Function: runTest

	File: phar://C:/Users/sandr/xampp/php/phpunit/phpunit/Framework/TestResult.php
	Line: 687
	Function: runBare

	File: phar://C:/Users/sandr/xampp/php/phpunit/phpunit/Framework/TestCase.php
	Line: 796
	Function: run

	File: phar://C:/Users/sandr/xampp/php/phpunit/phpunit/Framework/TestSuite.php
	Line: 746
	Function: run

	File: phar://C:/Users/sandr/xampp/php/phpunit/phpunit/Framework/TestSuite.php
	Line: 746
	Function: run

	File: phar://C:/Users/sandr/xampp/php/phpunit/phpunit/TextUI/TestRunner.php
	Line: 641
	Function: run

	File: phar://C:/Users/sandr/xampp/php/phpunit/phpunit/TextUI/Command.php
	Line: 206
	Function: doRun

	File: phar://C:/Users/sandr/xampp/php/phpunit/phpunit/TextUI/Command.php
	Line: 162
	Function: run

	File: C:\Users\sandr\xampp\php\phpunit
	Line: 614
	Function: main

&#13;
&#13;
A PHP Error was encountered&#13;
&#13;
Severity:    Warning
Message:     count(): Parameter must be an array or an object that implements Countable
Filename:    C:\Users\sandr\xampp\htdocs\rpv\application\tests\models\rodoviaria_model_test.php
Line Number: 32&#13;
&#13;
Backtrace:&#13;
	File: C:\Users\sandr\xampp\htdocs\rpv\application\tests\models\rodoviaria_model_test.php
	Line: 32
	Function: _error_handler

	File: phar://C:/Users/sandr/xampp/php/phpunit/phpunit/Framework/TestCase.php
	Line: 1153
	Function: testGetRodoviariasCidadeTest

	File: phar://C:/Users/sandr/xampp/php/phpunit/phpunit/Framework/TestCase.php
	Line: 842
	Function: runTest

	File: phar://C:/Users/sandr/xampp/php/phpunit/phpunit/Framework/TestResult.php
	Line: 687
	Function: runBare

	File: phar://C:/Users/sandr/xampp/php/phpunit/phpunit/Framework/TestCase.php
	Line: 796
	Function: run

	File: phar://C:/Users/sandr/xampp/php/phpunit/phpunit/Framework/TestSuite.php
	Line: 746
	Function: run

	File: phar://C:/Users/sandr/xampp/php/phpunit/phpunit/Framework/TestSuite.php
	Line: 746
	Function: run

	File: phar://C:/Users/sandr/xampp/php/phpunit/phpunit/TextUI/TestRunner.php
	Line: 641
	Function: run

	File: phar://C:/Users/sandr/xampp/php/phpunit/phpunit/TextUI/Command.php
	Line: 206
	Function: doRun

	File: phar://C:/Users/sandr/xampp/php/phpunit/phpunit/TextUI/Command.php
	Line: 162
	Function: run

	File: C:\Users\sandr\xampp\php\phpunit
	Line: 614
	Function: main

&#13;
&#13;
A PHP Error was encountered&#13;
&#13;
Severity:    Warning
Message:     count(): Parameter must be an array or an object that implements Countable
Filename:    C:\Users\sandr\xampp\htdocs\rpv\application\tests\models\rodoviaria_model_test.php
Line Number: 32&#13;
&#13;
Backtrace:&#13;
	File: C:\Users\sandr\xampp\htdocs\rpv\application\tests\models\rodoviaria_model_test.php
	Line: 32
	Function: _error_handler

	File: phar://C:/Users/sandr/xampp/php/phpunit/phpunit/Framework/TestCase.php
	Line: 1153
	Function: testGetRodoviariasCidadeTest

	File: phar://C:/Users/sandr/xampp/php/phpunit/phpunit/Framework/TestCase.php
	Line: 842
	Function: runTest

	File: phar://C:/Users/sandr/xampp/php/phpunit/phpunit/Framework/TestResult.php
	Line: 687
	Function: runBare

	File: phar://C:/Users/sandr/xampp/php/phpunit/phpunit/Framework/TestCase.php
	Line: 796
	Function: run

	File: phar://C:/Users/sandr/xampp/php/phpunit/phpunit/Framework/TestSuite.php
	Line: 746
	Function: run

	File: phar://C:/Users/sandr/xampp/php/phpunit/phpunit/Framework/TestSuite.php
	Line: 746
	Function: run

	File: phar://C:/Users/sandr/xampp/php/phpunit/phpunit/TextUI/TestRunner.php
	Line: 641
	Function: run

	File: phar://C:/Users/sandr/xampp/php/phpunit/phpunit/TextUI/Command.php
	Line: 206
	Function: doRun

	File: phar://C:/Users/sandr/xampp/php/phpunit/phpunit/TextUI/Command.php
	Line: 162
	Function: run

	File: C:\Users\sandr\xampp\php\phpunit
	Line: 614
	Function: main

&#13;
&#13;
A PHP Error was encountered&#13;
&#13;
Severity:    Warning
Message:     count(): Parameter must be an array or an object that implements Countable
Filename:    C:\Users\sandr\xampp\htdocs\rpv\application\tests\models\rodoviaria_model_test.php
Line Number: 32&#13;
&#13;
Backtrace:&#13;
	File: C:\Users\sandr\xampp\htdocs\rpv\application\tests\models\rodoviaria_model_test.php
	Line: 32
	Function: _error_handler

	File: phar://C:/Users/sandr/xampp/php/phpunit/phpunit/Framework/TestCase.php
	Line: 1153
	Function: testGetRodoviariasCidadeTest

	File: phar://C:/Users/sandr/xampp/php/phpunit/phpunit/Framework/TestCase.php
	Line: 842
	Function: runTest

	File: phar://C:/Users/sandr/xampp/php/phpunit/phpunit/Framework/TestResult.php
	Line: 687
	Function: runBare

	File: phar://C:/Users/sandr/xampp/php/phpunit/phpunit/Framework/TestCase.php
	Line: 796
	Function: run

	File: phar://C:/Users/sandr/xampp/php/phpunit/phpunit/Framework/TestSuite.php
	Line: 746
	Function: run

	File: phar://C:/Users/sandr/xampp/php/phpunit/phpunit/Framework/TestSuite.php
	Line: 746
	Function: run

	File: phar://C:/Users/sandr/xampp/php/phpunit/phpunit/TextUI/TestRunner.php
	Line: 641
	Function: run

	File: phar://C:/Users/sandr/xampp/php/phpunit/phpunit/TextUI/Command.php
	Line: 206
	Function: doRun

	File: phar://C:/Users/sandr/xampp/php/phpunit/phpunit/TextUI/Command.php
	Line: 162
	Function: run

	File: C:\Users\sandr\xampp\php\phpunit
	Line: 614
	Function: main

&#13;
&#13;
A PHP Error was encountered&#13;
&#13;
Severity:    Warning
Message:     count(): Parameter must be an array or an object that implements Countable
Filename:    C:\Users\sandr\xampp\htdocs\rpv\application\tests\models\rodoviaria_model_test.php
Line Number: 32&#13;
&#13;
Backtrace:&#13;
	File: C:\Users\sandr\xampp\htdocs\rpv\application\tests\models\rodoviaria_model_test.php
	Line: 32
	Function: _error_handler

	File: phar://C:/Users/sandr/xampp/php/phpunit/phpunit/Framework/TestCase.php
	Line: 1153
	Function: testGetRodoviariasCidadeTest

	File: phar://C:/Users/sandr/xampp/php/phpunit/phpunit/Framework/TestCase.php
	Line: 842
	Function: runTest

	File: phar://C:/Users/sandr/xampp/php/phpunit/phpunit/Framework/TestResult.php
	Line: 687
	Function: runBare

	File: phar://C:/Users/sandr/xampp/php/phpunit/phpunit/Framework/TestCase.php
	Line: 796
	Function: run

	File: phar://C:/Users/sandr/xampp/php/phpunit/phpunit/Framework/TestSuite.php
	Line: 746
	Function: run

	File: phar://C:/Users/sandr/xampp/php/phpunit/phpunit/Framework/TestSuite.php
	Line: 746
	Function: run

	File: phar://C:/Users/sandr/xampp/php/phpunit/phpunit/TextUI/TestRunner.php
	Line: 641
	Function: run

	File: phar://C:/Users/sandr/xampp/php/phpunit/phpunit/TextUI/Command.php
	Line: 206
	Function: doRun

	File: phar://C:/Users/sandr/xampp/php/phpunit/phpunit/TextUI/Command.php
	Line: 162
	Function: run

	File: C:\Users\sandr\xampp\php\phpunit
	Line: 614
	Function: main

&#13;
&#13;
A PHP Error was encountered&#13;
&#13;
Severity:    Warning
Message:     count(): Parameter must be an array or an object that implements Countable
Filename:    C:\Users\sandr\xampp\htdocs\rpv\application\tests\models\rodoviaria_model_test.php
Line Number: 32&#13;
&#13;
Backtrace:&#13;
	File: C:\Users\sandr\xampp\htdocs\rpv\application\tests\models\rodoviaria_model_test.php
	Line: 32
	Function: _error_handler

	File: phar://C:/Users/sandr/xampp/php/phpunit/phpunit/Framework/TestCase.php
	Line: 1153
	Function: testGetRodoviariasCidadeTest

	File: phar://C:/Users/sandr/xampp/php/phpunit/phpunit/Framework/TestCase.php
	Line: 842
	Function: runTest

	File: phar://C:/Users/sandr/xampp/php/phpunit/phpunit/Framework/TestResult.php
	Line: 687
	Function: runBare

	File: phar://C:/Users/sandr/xampp/php/phpunit/phpunit/Framework/TestCase.php
	Line: 796
	Function: run

	File: phar://C:/Users/sandr/xampp/php/phpunit/phpunit/Framework/TestSuite.php
	Line: 746
	Function: run

	File: phar://C:/Users/sandr/xampp/php/phpunit/phpunit/Framework/TestSuite.php
	Line: 746
	Function: run

	File: phar://C:/Users/sandr/xampp/php/phpunit/phpunit/TextUI/TestRunner.php
	Line: 641
	Function: run

	File: phar://C:/Users/sandr/xampp/php/phpunit/phpunit/TextUI/Command.php
	Line: 206
	Function: doRun

	File: phar://C:/Users/sandr/xampp/php/phpunit/phpunit/TextUI/Command.php
	Line: 162
	Function: run

	File: C:\Users\sandr\xampp\php\phpunit
	Line: 614
	Function: main

&#13;
&#13;
A PHP Error was encountered&#13;
&#13;
Severity:    Warning
Message:     count(): Parameter must be an array or an object that implements Countable
Filename:    C:\Users\sandr\xampp\htdocs\rpv\application\tests\models\rodoviaria_model_test.php
Line Number: 32&#13;
&#13;
Backtrace:&#13;
	File: C:\Users\sandr\xampp\htdocs\rpv\application\tests\models\rodoviaria_model_test.php
	Line: 32
	Function: _error_handler

	File: phar://C:/Users/sandr/xampp/php/phpunit/phpunit/Framework/TestCase.php
	Line: 1153
	Function: testGetRodoviariasCidadeTest

	File: phar://C:/Users/sandr/xampp/php/phpunit/phpunit/Framework/TestCase.php
	Line: 842
	Function: runTest

	File: phar://C:/Users/sandr/xampp/php/phpunit/phpunit/Framework/TestResult.php
	Line: 687
	Function: runBare

	File: phar://C:/Users/sandr/xampp/php/phpunit/phpunit/Framework/TestCase.php
	Line: 796
	Function: run

	File: phar://C:/Users/sandr/xampp/php/phpunit/phpunit/Framework/TestSuite.php
	Line: 746
	Function: run

	File: phar://C:/Users/sandr/xampp/php/phpunit/phpunit/Framework/TestSuite.php
	Line: 746
	Function: run

	File: phar://C:/Users/sandr/xampp/php/phpunit/phpunit/TextUI/TestRunner.php
	Line: 641
	Function: run

	File: phar://C:/Users/sandr/xampp/php/phpunit/phpunit/TextUI/Command.php
	Line: 206
	Function: doRun

	File: phar://C:/Users/sandr/xampp/php/phpunit/phpunit/TextUI/Command.php
	Line: 162
	Function: run

	File: C:\Users\sandr\xampp\php\phpunit
	Line: 614
	Function: main

&#13;
&#13;
A PHP Error was encountered&#13;
&#13;
Severity:    Warning
Message:     count(): Parameter must be an array or an object that implements Countable
Filename:    C:\Users\sandr\xampp\htdocs\rpv\application\tests\models\rodoviaria_model_test.php
Line Number: 32&#13;
&#13;
Backtrace:&#13;
	File: C:\Users\sandr\xampp\htdocs\rpv\application\tests\models\rodoviaria_model_test.php
	Line: 32
	Function: _error_handler

	File: phar://C:/Users/sandr/xampp/php/phpunit/phpunit/Framework/TestCase.php
	Line: 1153
	Function: testGetRodoviariasCidadeTest

	File: phar://C:/Users/sandr/xampp/php/phpunit/phpunit/Framework/TestCase.php
	Line: 842
	Function: runTest

	File: phar://C:/Users/sandr/xampp/php/phpunit/phpunit/Framework/TestResult.php
	Line: 687
	Function: runBare

	File: phar://C:/Users/sandr/xampp/php/phpunit/phpunit/Framework/TestCase.php
	Line: 796
	Function: run

	File: phar://C:/Users/sandr/xampp/php/phpunit/phpunit/Framework/TestSuite.php
	Line: 746
	Function: run

	File: phar://C:/Users/sandr/xampp/php/phpunit/phpunit/Framework/TestSuite.php
	Line: 746
	Function: run

	File: phar://C:/Users/sandr/xampp/php/phpunit/phpunit/TextUI/TestRunner.php
	Line: 641
	Function: run

	File: phar://C:/Users/sandr/xampp/php/phpunit/phpunit/TextUI/Command.php
	Line: 206
	Function: doRun

	File: phar://C:/Users/sandr/xampp/php/phpunit/phpunit/TextUI/Command.php
	Line: 162
	Function: run

	File: C:\Users\sandr\xampp\php\phpunit
	Line: 614
	Function: main

&#13;
&#13;
A PHP Error was encountered&#13;
&#13;
Severity:    Warning
Message:     count(): Parameter must be an array or an object that implements Countable
Filename:    C:\Users\sandr\xampp\htdocs\rpv\application\tests\models\rodoviaria_model_test.php
Line Number: 32&#13;
&#13;
Backtrace:&#13;
	File: C:\Users\sandr\xampp\htdocs\rpv\application\tests\models\rodoviaria_model_test.php
	Line: 32
	Function: _error_handler

	File: phar://C:/Users/sandr/xampp/php/phpunit/phpunit/Framework/TestCase.php
	Line: 1153
	Function: testGetRodoviariasCidadeTest

	File: phar://C:/Users/sandr/xampp/php/phpunit/phpunit/Framework/TestCase.php
	Line: 842
	Function: runTest

	File: phar://C:/Users/sandr/xampp/php/phpunit/phpunit/Framework/TestResult.php
	Line: 687
	Function: runBare

	File: phar://C:/Users/sandr/xampp/php/phpunit/phpunit/Framework/TestCase.php
	Line: 796
	Function: run

	File: phar://C:/Users/sandr/xampp/php/phpunit/phpunit/Framework/TestSuite.php
	Line: 746
	Function: run

	File: phar://C:/Users/sandr/xampp/php/phpunit/phpunit/Framework/TestSuite.php
	Line: 746
	Function: run

	File: phar://C:/Users/sandr/xampp/php/phpunit/phpunit/TextUI/TestRunner.php
	Line: 641
	Function: run

	File: phar://C:/Users/sandr/xampp/php/phpunit/phpunit/TextUI/Command.php
	Line: 206
	Function: doRun

	File: phar://C:/Users/sandr/xampp/php/phpunit/phpunit/TextUI/Command.php
	Line: 162
	Function: run

	File: C:\Users\sandr\xampp\php\phpunit
	Line: 614
	Function: main

&#13;
&#13;
A PHP Error was encountered&#13;
&#13;
Severity:    Warning
Message:     count(): Parameter must be an array or an object that implements Countable
Filename:    C:\Users\sandr\xampp\htdocs\rpv\application\tests\models\rodoviaria_model_test.php
Line Number: 32&#13;
&#13;
Backtrace:&#13;
	File: C:\Users\sandr\xampp\htdocs\rpv\application\tests\models\rodoviaria_model_test.php
	Line: 32
	Function: _error_handler

	File: phar://C:/Users/sandr/xampp/php/phpunit/phpunit/Framework/TestCase.php
	Line: 1153
	Function: testGetRodoviariasCidadeTest

	File: phar://C:/Users/sandr/xampp/php/phpunit/phpunit/Framework/TestCase.php
	Line: 842
	Function: runTest

	File: phar://C:/Users/sandr/xampp/php/phpunit/phpunit/Framework/TestResult.php
	Line: 687
	Function: runBare

	File: phar://C:/Users/sandr/xampp/php/phpunit/phpunit/Framework/TestCase.php
	Line: 796
	Function: run

	File: phar://C:/Users/sandr/xampp/php/phpunit/phpunit/Framework/TestSuite.php
	Line: 746
	Function: run

	File: phar://C:/Users/sandr/xampp/php/phpunit/phpunit/Framework/TestSuite.php
	Line: 746
	Function: run

	File: phar://C:/Users/sandr/xampp/php/phpunit/phpunit/TextUI/TestRunner.php
	Line: 641
	Function: run

	File: phar://C:/Users/sandr/xampp/php/phpunit/phpunit/TextUI/Command.php
	Line: 206
	Function: doRun

	File: phar://C:/Users/sandr/xampp/php/phpunit/phpunit/TextUI/Command.php
	Line: 162
	Function: run

	File: C:\Users\sandr\xampp\php\phpunit
	Line: 614
	Function: main

&#13;
&#13;
A PHP Error was encountered&#13;
&#13;
Severity:    Warning
Message:     count(): Parameter must be an array or an object that implements Countable
Filename:    C:\Users\sandr\xampp\htdocs\rpv\application\tests\models\rodoviaria_model_test.php
Line Number: 32&#13;
&#13;
Backtrace:&#13;
	File: C:\Users\sandr\xampp\htdocs\rpv\application\tests\models\rodoviaria_model_test.php
	Line: 32
	Function: _error_handler

	File: phar://C:/Users/sandr/xampp/php/phpunit/phpunit/Framework/TestCase.php
	Line: 1153
	Function: testGetRodoviariasCidadeTest

	File: phar://C:/Users/sandr/xampp/php/phpunit/phpunit/Framework/TestCase.php
	Line: 842
	Function: runTest

	File: phar://C:/Users/sandr/xampp/php/phpunit/phpunit/Framework/TestResult.php
	Line: 687
	Function: runBare

	File: phar://C:/Users/sandr/xampp/php/phpunit/phpunit/Framework/TestCase.php
	Line: 796
	Function: run

	File: phar://C:/Users/sandr/xampp/php/phpunit/phpunit/Framework/TestSuite.php
	Line: 746
	Function: run

	File: phar://C:/Users/sandr/xampp/php/phpunit/phpunit/Framework/TestSuite.php
	Line: 746
	Function: run

	File: phar://C:/Users/sandr/xampp/php/phpunit/phpunit/TextUI/TestRunner.php
	Line: 641
	Function: run

	File: phar://C:/Users/sandr/xampp/php/phpunit/phpunit/TextUI/Command.php
	Line: 206
	Function: doRun

	File: phar://C:/Users/sandr/xampp/php/phpunit/phpunit/TextUI/Command.php
	Line: 162
	Function: run

	File: C:\Users\sandr\xampp\php\phpunit
	Line: 614
	Function: main

&#13;
&#13;
A PHP Error was encountered&#13;
&#13;
Severity:    Warning
Message:     count(): Parameter must be an array or an object that implements Countable
Filename:    C:\Users\sandr\xampp\htdocs\rpv\application\tests\models\rodoviaria_model_test.php
Line Number: 32&#13;
&#13;
Backtrace:&#13;
	File: C:\Users\sandr\xampp\htdocs\rpv\application\tests\models\rodoviaria_model_test.php
	Line: 32
	Function: _error_handler

	File: phar://C:/Users/sandr/xampp/php/phpunit/phpunit/Framework/TestCase.php
	Line: 1153
	Function: testGetRodoviariasCidadeTest

	File: phar://C:/Users/sandr/xampp/php/phpunit/phpunit/Framework/TestCase.php
	Line: 842
	Function: runTest

	File: phar://C:/Users/sandr/xampp/php/phpunit/phpunit/Framework/TestResult.php
	Line: 687
	Function: runBare

	File: phar://C:/Users/sandr/xampp/php/phpunit/phpunit/Framework/TestCase.php
	Line: 796
	Function: run

	File: phar://C:/Users/sandr/xampp/php/phpunit/phpunit/Framework/TestSuite.php
	Line: 746
	Function: run

	File: phar://C:/Users/sandr/xampp/php/phpunit/phpunit/Framework/TestSuite.php
	Line: 746
	Function: run

	File: phar://C:/Users/sandr/xampp/php/phpunit/phpunit/TextUI/TestRunner.php
	Line: 641
	Function: run

	File: phar://C:/Users/sandr/xampp/php/phpunit/phpunit/TextUI/Command.php
	Line: 206
	Function: doRun

	File: phar://C:/Users/sandr/xampp/php/phpunit/phpunit/TextUI/Command.php
	Line: 162
	Function: run

	File: C:\Users\sandr\xampp\php\phpunit
	Line: 614
	Function: main

&#13;
&#13;
A PHP Error was encountered&#13;
&#13;
Severity:    Warning
Message:     count(): Parameter must be an array or an object that implements Countable
Filename:    C:\Users\sandr\xampp\htdocs\rpv\application\tests\models\rodoviaria_model_test.php
Line Number: 32&#13;
&#13;
Backtrace:&#13;
	File: C:\Users\sandr\xampp\htdocs\rpv\application\tests\models\rodoviaria_model_test.php
	Line: 32
	Function: _error_handler

	File: phar://C:/Users/sandr/xampp/php/phpunit/phpunit/Framework/TestCase.php
	Line: 1153
	Function: testGetRodoviariasCidadeTest

	File: phar://C:/Users/sandr/xampp/php/phpunit/phpunit/Framework/TestCase.php
	Line: 842
	Function: runTest

	File: phar://C:/Users/sandr/xampp/php/phpunit/phpunit/Framework/TestResult.php
	Line: 687
	Function: runBare

	File: phar://C:/Users/sandr/xampp/php/phpunit/phpunit/Framework/TestCase.php
	Line: 796
	Function: run

	File: phar://C:/Users/sandr/xampp/php/phpunit/phpunit/Framework/TestSuite.php
	Line: 746
	Function: run

	File: phar://C:/Users/sandr/xampp/php/phpunit/phpunit/Framework/TestSuite.php
	Line: 746
	Function: run

	File: phar://C:/Users/sandr/xampp/php/phpunit/phpunit/TextUI/TestRunner.php
	Line: 641
	Function: run

	File: phar://C:/Users/sandr/xampp/php/phpunit/phpunit/TextUI/Command.php
	Line: 206
	Function: doRun

	File: phar://C:/Users/sandr/xampp/php/phpunit/phpunit/TextUI/Command.php
	Line: 162
	Function: run

	File: C:\Users\sandr\xampp\php\phpunit
	Line: 614
	Function: main

&#13;
&#13;
A PHP Error was encountered&#13;
&#13;
Severity:    Warning
Message:     count(): Parameter must be an array or an object that implements Countable
Filename:    C:\Users\sandr\xampp\htdocs\rpv\application\tests\models\rodoviaria_model_test.php
Line Number: 32&#13;
&#13;
Backtrace:&#13;
	File: C:\Users\sandr\xampp\htdocs\rpv\application\tests\models\rodoviaria_model_test.php
	Line: 32
	Function: _error_handler

	File: phar://C:/Users/sandr/xampp/php/phpunit/phpunit/Framework/TestCase.php
	Line: 1153
	Function: testGetRodoviariasCidadeTest

	File: phar://C:/Users/sandr/xampp/php/phpunit/phpunit/Framework/TestCase.php
	Line: 842
	Function: runTest

	File: phar://C:/Users/sandr/xampp/php/phpunit/phpunit/Framework/TestResult.php
	Line: 687
	Function: runBare

	File: phar://C:/Users/sandr/xampp/php/phpunit/phpunit/Framework/TestCase.php
	Line: 796
	Function: run

	File: phar://C:/Users/sandr/xampp/php/phpunit/phpunit/Framework/TestSuite.php
	Line: 746
	Function: run

	File: phar://C:/Users/sandr/xampp/php/phpunit/phpunit/Framework/TestSuite.php
	Line: 746
	Function: run

	File: phar://C:/Users/sandr/xampp/php/phpunit/phpunit/TextUI/TestRunner.php
	Line: 641
	Function: run

	File: phar://C:/Users/sandr/xampp/php/phpunit/phpunit/TextUI/Command.php
	Line: 206
	Function: doRun

	File: phar://C:/Users/sandr/xampp/php/phpunit/phpunit/TextUI/Command.php
	Line: 162
	Function: run

	File: C:\Users\sandr\xampp\php\phpunit
	Line: 614
	Function: main

&#13;
&#13;
A PHP Error was encountered&#13;
&#13;
Severity:    Warning
Message:     count(): Parameter must be an array or an object that implements Countable
Filename:    C:\Users\sandr\xampp\htdocs\rpv\application\tests\models\rodoviaria_model_test.php
Line Number: 32&#13;
&#13;
Backtrace:&#13;
	File: C:\Users\sandr\xampp\htdocs\rpv\application\tests\models\rodoviaria_model_test.php
	Line: 32
	Function: _error_handler

	File: phar://C:/Users/sandr/xampp/php/phpunit/phpunit/Framework/TestCase.php
	Line: 1153
	Function: testGetRodoviariasCidadeTest

	File: phar://C:/Users/sandr/xampp/php/phpunit/phpunit/Framework/TestCase.php
	Line: 842
	Function: runTest

	File: phar://C:/Users/sandr/xampp/php/phpunit/phpunit/Framework/TestResult.php
	Line: 687
	Function: runBare

	File: phar://C:/Users/sandr/xampp/php/phpunit/phpunit/Framework/TestCase.php
	Line: 796
	Function: run

	File: phar://C:/Users/sandr/xampp/php/phpunit/phpunit/Framework/TestSuite.php
	Line: 746
	Function: run

	File: phar://C:/Users/sandr/xampp/php/phpunit/phpunit/Framework/TestSuite.php
	Line: 746
	Function: run

	File: phar://C:/Users/sandr/xampp/php/phpunit/phpunit/TextUI/TestRunner.php
	Line: 641
	Function: run

	File: phar://C:/Users/sandr/xampp/php/phpunit/phpunit/TextUI/Command.php
	Line: 206
	Function: doRun

	File: phar://C:/Users/sandr/xampp/php/phpunit/phpunit/TextUI/Command.php
	Line: 162
	Function: run

	File: C:\Users\sandr\xampp\php\phpunit
	Line: 614
	Function: main

&#13;
&#13;
A PHP Error was encountered&#13;
&#13;
Severity:    Warning
Message:     count(): Parameter must be an array or an object that implements Countable
Filename:    C:\Users\sandr\xampp\htdocs\rpv\application\tests\models\rodoviaria_model_test.php
Line Number: 32&#13;
&#13;
Backtrace:&#13;
	File: C:\Users\sandr\xampp\htdocs\rpv\application\tests\models\rodoviaria_model_test.php
	Line: 32
	Function: _error_handler

	File: phar://C:/Users/sandr/xampp/php/phpunit/phpunit/Framework/TestCase.php
	Line: 1153
	Function: testGetRodoviariasCidadeTest

	File: phar://C:/Users/sandr/xampp/php/phpunit/phpunit/Framework/TestCase.php
	Line: 842
	Function: runTest

	File: phar://C:/Users/sandr/xampp/php/phpunit/phpunit/Framework/TestResult.php
	Line: 687
	Function: runBare

	File: phar://C:/Users/sandr/xampp/php/phpunit/phpunit/Framework/TestCase.php
	Line: 796
	Function: run

	File: phar://C:/Users/sandr/xampp/php/phpunit/phpunit/Framework/TestSuite.php
	Line: 746
	Function: run

	File: phar://C:/Users/sandr/xampp/php/phpunit/phpunit/Framework/TestSuite.php
	Line: 746
	Function: run

	File: phar://C:/Users/sandr/xampp/php/phpunit/phpunit/TextUI/TestRunner.php
	Line: 641
	Function: run

	File: phar://C:/Users/sandr/xampp/php/phpunit/phpunit/TextUI/Command.php
	Line: 206
	Function: doRun

	File: phar://C:/Users/sandr/xampp/php/phpunit/phpunit/TextUI/Command.php
	Line: 162
	Function: run

	File: C:\Users\sandr\xampp\php\phpunit
	Line: 614
	Function: main

&#13;
&#13;
A PHP Error was encountered&#13;
&#13;
Severity:    Warning
Message:     count(): Parameter must be an array or an object that implements Countable
Filename:    C:\Users\sandr\xampp\htdocs\rpv\application\tests\models\rodoviaria_model_test.php
Line Number: 32&#13;
&#13;
Backtrace:&#13;
	File: C:\Users\sandr\xampp\htdocs\rpv\application\tests\models\rodoviaria_model_test.php
	Line: 32
	Function: _error_handler

	File: phar://C:/Users/sandr/xampp/php/phpunit/phpunit/Framework/TestCase.php
	Line: 1153
	Function: testGetRodoviariasCidadeTest

	File: phar://C:/Users/sandr/xampp/php/phpunit/phpunit/Framework/TestCase.php
	Line: 842
	Function: runTest

	File: phar://C:/Users/sandr/xampp/php/phpunit/phpunit/Framework/TestResult.php
	Line: 687
	Function: runBare

	File: phar://C:/Users/sandr/xampp/php/phpunit/phpunit/Framework/TestCase.php
	Line: 796
	Function: run

	File: phar://C:/Users/sandr/xampp/php/phpunit/phpunit/Framework/TestSuite.php
	Line: 746
	Function: run

	File: phar://C:/Users/sandr/xampp/php/phpunit/phpunit/Framework/TestSuite.php
	Line: 746
	Function: run

	File: phar://C:/Users/sandr/xampp/php/phpunit/phpunit/TextUI/TestRunner.php
	Line: 641
	Function: run

	File: phar://C:/Users/sandr/xampp/php/phpunit/phpunit/TextUI/Command.php
	Line: 206
	Function: doRun

	File: phar://C:/Users/sandr/xampp/php/phpunit/phpunit/TextUI/Command.php
	Line: 162
	Function: run

	File: C:\Users\sandr\xampp\php\phpunit
	Line: 614
	Function: main

&#13;
&#13;
A PHP Error was encountered&#13;
&#13;
Severity:    Warning
Message:     count(): Parameter must be an array or an object that implements Countable
Filename:    C:\Users\sandr\xampp\htdocs\rpv\application\tests\models\rodoviaria_model_test.php
Line Number: 32&#13;
&#13;
Backtrace:&#13;
	File: C:\Users\sandr\xampp\htdocs\rpv\application\tests\models\rodoviaria_model_test.php
	Line: 32
	Function: _error_handler

	File: phar://C:/Users/sandr/xampp/php/phpunit/phpunit/Framework/TestCase.php
	Line: 1153
	Function: testGetRodoviariasCidadeTest

	File: phar://C:/Users/sandr/xampp/php/phpunit/phpunit/Framework/TestCase.php
	Line: 842
	Function: runTest

	File: phar://C:/Users/sandr/xampp/php/phpunit/phpunit/Framework/TestResult.php
	Line: 687
	Function: runBare

	File: phar://C:/Users/sandr/xampp/php/phpunit/phpunit/Framework/TestCase.php
	Line: 796
	Function: run

	File: phar://C:/Users/sandr/xampp/php/phpunit/phpunit/Framework/TestSuite.php
	Line: 746
	Function: run

	File: phar://C:/Users/sandr/xampp/php/phpunit/phpunit/Framework/TestSuite.php
	Line: 746
	Function: run

	File: phar://C:/Users/sandr/xampp/php/phpunit/phpunit/TextUI/TestRunner.php
	Line: 641
	Function: run

	File: phar://C:/Users/sandr/xampp/php/phpunit/phpunit/TextUI/Command.php
	Line: 206
	Function: doRun

	File: phar://C:/Users/sandr/xampp/php/phpunit/phpunit/TextUI/Command.php
	Line: 162
	Function: run

	File: C:\Users\sandr\xampp\php\phpunit
	Line: 614
	Function: main

&#13;
&#13;
A PHP Error was encountered&#13;
&#13;
Severity:    Warning
Message:     count(): Parameter must be an array or an object that implements Countable
Filename:    C:\Users\sandr\xampp\htdocs\rpv\application\tests\models\rodoviaria_model_test.php
Line Number: 32&#13;
&#13;
Backtrace:&#13;
	File: C:\Users\sandr\xampp\htdocs\rpv\application\tests\models\rodoviaria_model_test.php
	Line: 32
	Function: _error_handler

	File: phar://C:/Users/sandr/xampp/php/phpunit/phpunit/Framework/TestCase.php
	Line: 1153
	Function: testGetRodoviariasCidadeTest

	File: phar://C:/Users/sandr/xampp/php/phpunit/phpunit/Framework/TestCase.php
	Line: 842
	Function: runTest

	File: phar://C:/Users/sandr/xampp/php/phpunit/phpunit/Framework/TestResult.php
	Line: 687
	Function: runBare

	File: phar://C:/Users/sandr/xampp/php/phpunit/phpunit/Framework/TestCase.php
	Line: 796
	Function: run

	File: phar://C:/Users/sandr/xampp/php/phpunit/phpunit/Framework/TestSuite.php
	Line: 746
	Function: run

	File: phar://C:/Users/sandr/xampp/php/phpunit/phpunit/Framework/TestSuite.php
	Line: 746
	Function: run

	File: phar://C:/Users/sandr/xampp/php/phpunit/phpunit/TextUI/TestRunner.php
	Line: 641
	Function: run

	File: phar://C:/Users/sandr/xampp/php/phpunit/phpunit/TextUI/Command.php
	Line: 206
	Function: doRun

	File: phar://C:/Users/sandr/xampp/php/phpunit/phpunit/TextUI/Command.php
	Line: 162
	Function: run

	File: C:\Users\sandr\xampp\php\phpunit
	Line: 614
	Function: main

&#13;
&#13;
A PHP Error was encountered&#13;
&#13;
Severity:    Warning
Message:     count(): Parameter must be an array or an object that implements Countable
Filename:    C:\Users\sandr\xampp\htdocs\rpv\application\tests\models\rodoviaria_model_test.php
Line Number: 32&#13;
&#13;
Backtrace:&#13;
	File: C:\Users\sandr\xampp\htdocs\rpv\application\tests\models\rodoviaria_model_test.php
	Line: 32
	Function: _error_handler

	File: phar://C:/Users/sandr/xampp/php/phpunit/phpunit/Framework/TestCase.php
	Line: 1153
	Function: testGetRodoviariasCidadeTest

	File: phar://C:/Users/sandr/xampp/php/phpunit/phpunit/Framework/TestCase.php
	Line: 842
	Function: runTest

	File: phar://C:/Users/sandr/xampp/php/phpunit/phpunit/Framework/TestResult.php
	Line: 687
	Function: runBare

	File: phar://C:/Users/sandr/xampp/php/phpunit/phpunit/Framework/TestCase.php
	Line: 796
	Function: run

	File: phar://C:/Users/sandr/xampp/php/phpunit/phpunit/Framework/TestSuite.php
	Line: 746
	Function: run

	File: phar://C:/Users/sandr/xampp/php/phpunit/phpunit/Framework/TestSuite.php
	Line: 746
	Function: run

	File: phar://C:/Users/sandr/xampp/php/phpunit/phpunit/TextUI/TestRunner.php
	Line: 641
	Function: run

	File: phar://C:/Users/sandr/xampp/php/phpunit/phpunit/TextUI/Command.php
	Line: 206
	Function: doRun

	File: phar://C:/Users/sandr/xampp/php/phpunit/phpunit/TextUI/Command.php
	Line: 162
	Function: run

	File: C:\Users\sandr\xampp\php\phpunit
	Line: 614
	Function: main

&#13;
&#13;
A PHP Error was encountered&#13;
&#13;
Severity:    Warning
Message:     count(): Parameter must be an array or an object that implements Countable
Filename:    C:\Users\sandr\xampp\htdocs\rpv\application\tests\models\rodoviaria_model_test.php
Line Number: 32&#13;
&#13;
Backtrace:&#13;
	File: C:\Users\sandr\xampp\htdocs\rpv\application\tests\models\rodoviaria_model_test.php
	Line: 32
	Function: _error_handler

	File: phar://C:/Users/sandr/xampp/php/phpunit/phpunit/Framework/TestCase.php
	Line: 1153
	Function: testGetRodoviariasCidadeTest

	File: phar://C:/Users/sandr/xampp/php/phpunit/phpunit/Framework/TestCase.php
	Line: 842
	Function: runTest

	File: phar://C:/Users/sandr/xampp/php/phpunit/phpunit/Framework/TestResult.php
	Line: 687
	Function: runBare

	File: phar://C:/Users/sandr/xampp/php/phpunit/phpunit/Framework/TestCase.php
	Line: 796
	Function: run

	File: phar://C:/Users/sandr/xampp/php/phpunit/phpunit/Framework/TestSuite.php
	Line: 746
	Function: run

	File: phar://C:/Users/sandr/xampp/php/phpunit/phpunit/Framework/TestSuite.php
	Line: 746
	Function: run

	File: phar://C:/Users/sandr/xampp/php/phpunit/phpunit/TextUI/TestRunner.php
	Line: 641
	Function: run

	File: phar://C:/Users/sandr/xampp/php/phpunit/phpunit/TextUI/Command.php
	Line: 206
	Function: doRun

	File: phar://C:/Users/sandr/xampp/php/phpunit/phpunit/TextUI/Command.php
	Line: 162
	Function: run

	File: C:\Users\sandr\xampp\php\phpunit
	Line: 614
	Function: main

&#13;
&#13;
A PHP Error was encountered&#13;
&#13;
Severity:    Warning
Message:     count(): Parameter must be an array or an object that implements Countable
Filename:    C:\Users\sandr\xampp\htdocs\rpv\application\tests\models\rodoviaria_model_test.php
Line Number: 32&#13;
&#13;
Backtrace:&#13;
	File: C:\Users\sandr\xampp\htdocs\rpv\application\tests\models\rodoviaria_model_test.php
	Line: 32
	Function: _error_handler

	File: phar://C:/Users/sandr/xampp/php/phpunit/phpunit/Framework/TestCase.php
	Line: 1153
	Function: testGetRodoviariasCidadeTest

	File: phar://C:/Users/sandr/xampp/php/phpunit/phpunit/Framework/TestCase.php
	Line: 842
	Function: runTest

	File: phar://C:/Users/sandr/xampp/php/phpunit/phpunit/Framework/TestResult.php
	Line: 687
	Function: runBare

	File: phar://C:/Users/sandr/xampp/php/phpunit/phpunit/Framework/TestCase.php
	Line: 796
	Function: run

	File: phar://C:/Users/sandr/xampp/php/phpunit/phpunit/Framework/TestSuite.php
	Line: 746
	Function: run

	File: phar://C:/Users/sandr/xampp/php/phpunit/phpunit/Framework/TestSuite.php
	Line: 746
	Function: run

	File: phar://C:/Users/sandr/xampp/php/phpunit/phpunit/TextUI/TestRunner.php
	Line: 641
	Function: run

	File: phar://C:/Users/sandr/xampp/php/phpunit/phpunit/TextUI/Command.php
	Line: 206
	Function: doRun

	File: phar://C:/Users/sandr/xampp/php/phpunit/phpunit/TextUI/Command.php
	Line: 162
	Function: run

	File: C:\Users\sandr\xampp\php\phpunit
	Line: 614
	Function: main

&#13;
&#13;
A PHP Error was encountered&#13;
&#13;
Severity:    Warning
Message:     count(): Parameter must be an array or an object that implements Countable
Filename:    C:\Users\sandr\xampp\htdocs\rpv\application\tests\models\rodoviaria_model_test.php
Line Number: 32&#13;
&#13;
Backtrace:&#13;
	File: C:\Users\sandr\xampp\htdocs\rpv\application\tests\models\rodoviaria_model_test.php
	Line: 32
	Function: _error_handler

	File: phar://C:/Users/sandr/xampp/php/phpunit/phpunit/Framework/TestCase.php
	Line: 1153
	Function: testGetRodoviariasCidadeTest

	File: phar://C:/Users/sandr/xampp/php/phpunit/phpunit/Framework/TestCase.php
	Line: 842
	Function: runTest

	File: phar://C:/Users/sandr/xampp/php/phpunit/phpunit/Framework/TestResult.php
	Line: 687
	Function: runBare

	File: phar://C:/Users/sandr/xampp/php/phpunit/phpunit/Framework/TestCase.php
	Line: 796
	Function: run

	File: phar://C:/Users/sandr/xampp/php/phpunit/phpunit/Framework/TestSuite.php
	Line: 746
	Function: run

	File: phar://C:/Users/sandr/xampp/php/phpunit/phpunit/Framework/TestSuite.php
	Line: 746
	Function: run

	File: phar://C:/Users/sandr/xampp/php/phpunit/phpunit/TextUI/TestRunner.php
	Line: 641
	Function: run

	File: phar://C:/Users/sandr/xampp/php/phpunit/phpunit/TextUI/Command.php
	Line: 206
	Function: doRun

	File: phar://C:/Users/sandr/xampp/php/phpunit/phpunit/TextUI/Command.php
	Line: 162
	Function: run

	File: C:\Users\sandr\xampp\php\phpunit
	Line: 614
	Function: main

&#13;
&#13;
A PHP Error was encountered&#13;
&#13;
Severity:    Warning
Message:     count(): Parameter must be an array or an object that implements Countable
Filename:    C:\Users\sandr\xampp\htdocs\rpv\application\tests\models\rodoviaria_model_test.php
Line Number: 32&#13;
&#13;
Backtrace:&#13;
	File: C:\Users\sandr\xampp\htdocs\rpv\application\tests\models\rodoviaria_model_test.php
	Line: 32
	Function: _error_handler

	File: phar://C:/Users/sandr/xampp/php/phpunit/phpunit/Framework/TestCase.php
	Line: 1153
	Function: testGetRodoviariasCidadeTest

	File: phar://C:/Users/sandr/xampp/php/phpunit/phpunit/Framework/TestCase.php
	Line: 842
	Function: runTest

	File: phar://C:/Users/sandr/xampp/php/phpunit/phpunit/Framework/TestResult.php
	Line: 687
	Function: runBare

	File: phar://C:/Users/sandr/xampp/php/phpunit/phpunit/Framework/TestCase.php
	Line: 796
	Function: run

	File: phar://C:/Users/sandr/xampp/php/phpunit/phpunit/Framework/TestSuite.php
	Line: 746
	Function: run

	File: phar://C:/Users/sandr/xampp/php/phpunit/phpunit/Framework/TestSuite.php
	Line: 746
	Function: run

	File: phar://C:/Users/sandr/xampp/php/phpunit/phpunit/TextUI/TestRunner.php
	Line: 641
	Function: run

	File: phar://C:/Users/sandr/xampp/php/phpunit/phpunit/TextUI/Command.php
	Line: 206
	Function: doRun

	File: phar://C:/Users/sandr/xampp/php/phpunit/phpunit/TextUI/Command.php
	Line: 162
	Function: run

	File: C:\Users\sandr\xampp\php\phpunit
	Line: 614
	Function: main

&#13;
&#13;
A PHP Error was encountered&#13;
&#13;
Severity:    Warning
Message:     count(): Parameter must be an array or an object that implements Countable
Filename:    C:\Users\sandr\xampp\htdocs\rpv\application\tests\models\rodoviaria_model_test.php
Line Number: 32&#13;
&#13;
Backtrace:&#13;
	File: C:\Users\sandr\xampp\htdocs\rpv\application\tests\models\rodoviaria_model_test.php
	Line: 32
	Function: _error_handler

	File: phar://C:/Users/sandr/xampp/php/phpunit/phpunit/Framework/TestCase.php
	Line: 1153
	Function: testGetRodoviariasCidadeTest

	File: phar://C:/Users/sandr/xampp/php/phpunit/phpunit/Framework/TestCase.php
	Line: 842
	Function: runTest

	File: phar://C:/Users/sandr/xampp/php/phpunit/phpunit/Framework/TestResult.php
	Line: 687
	Function: runBare

	File: phar://C:/Users/sandr/xampp/php/phpunit/phpunit/Framework/TestCase.php
	Line: 796
	Function: run

	File: phar://C:/Users/sandr/xampp/php/phpunit/phpunit/Framework/TestSuite.php
	Line: 746
	Function: run

	File: phar://C:/Users/sandr/xampp/php/phpunit/phpunit/Framework/TestSuite.php
	Line: 746
	Function: run

	File: phar://C:/Users/sandr/xampp/php/phpunit/phpunit/TextUI/TestRunner.php
	Line: 641
	Function: run

	File: phar://C:/Users/sandr/xampp/php/phpunit/phpunit/TextUI/Command.php
	Line: 206
	Function: doRun

	File: phar://C:/Users/sandr/xampp/php/phpunit/phpunit/TextUI/Command.php
	Line: 162
	Function: run

	File: C:\Users\sandr\xampp\php\phpunit
	Line: 614
	Function: main

&#13;
&#13;
A PHP Error was encountered&#13;
&#13;
Severity:    Warning
Message:     count(): Parameter must be an array or an object that implements Countable
Filename:    C:\Users\sandr\xampp\htdocs\rpv\application\tests\models\rodoviaria_model_test.php
Line Number: 32&#13;
&#13;
Backtrace:&#13;
	File: C:\Users\sandr\xampp\htdocs\rpv\application\tests\models\rodoviaria_model_test.php
	Line: 32
	Function: _error_handler

	File: phar://C:/Users/sandr/xampp/php/phpunit/phpunit/Framework/TestCase.php
	Line: 1153
	Function: testGetRodoviariasCidadeTest

	File: phar://C:/Users/sandr/xampp/php/phpunit/phpunit/Framework/TestCase.php
	Line: 842
	Function: runTest

	File: phar://C:/Users/sandr/xampp/php/phpunit/phpunit/Framework/TestResult.php
	Line: 687
	Function: runBare

	File: phar://C:/Users/sandr/xampp/php/phpunit/phpunit/Framework/TestCase.php
	Line: 796
	Function: run

	File: phar://C:/Users/sandr/xampp/php/phpunit/phpunit/Framework/TestSuite.php
	Line: 746
	Function: run

	File: phar://C:/Users/sandr/xampp/php/phpunit/phpunit/Framework/TestSuite.php
	Line: 746
	Function: run

	File: phar://C:/Users/sandr/xampp/php/phpunit/phpunit/TextUI/TestRunner.php
	Line: 641
	Function: run

	File: phar://C:/Users/sandr/xampp/php/phpunit/phpunit/TextUI/Command.php
	Line: 206
	Function: doRun

	File: phar://C:/Users/sandr/xampp/php/phpunit/phpunit/TextUI/Command.php
	Line: 162
	Function: run

	File: C:\Users\sandr\xampp\php\phpunit
	Line: 614
	Function: main

&#13;
&#13;
A PHP Error was encountered&#13;
&#13;
Severity:    Warning
Message:     count(): Parameter must be an array or an object that implements Countable
Filename:    C:\Users\sandr\xampp\htdocs\rpv\application\tests\models\rodoviaria_model_test.php
Line Number: 32&#13;
&#13;
Backtrace:&#13;
	File: C:\Users\sandr\xampp\htdocs\rpv\application\tests\models\rodoviaria_model_test.php
	Line: 32
	Function: _error_handler

	File: phar://C:/Users/sandr/xampp/php/phpunit/phpunit/Framework/TestCase.php
	Line: 1153
	Function: testGetRodoviariasCidadeTest

	File: phar://C:/Users/sandr/xampp/php/phpunit/phpunit/Framework/TestCase.php
	Line: 842
	Function: runTest

	File: phar://C:/Users/sandr/xampp/php/phpunit/phpunit/Framework/TestResult.php
	Line: 687
	Function: runBare

	File: phar://C:/Users/sandr/xampp/php/phpunit/phpunit/Framework/TestCase.php
	Line: 796
	Function: run

	File: phar://C:/Users/sandr/xampp/php/phpunit/phpunit/Framework/TestSuite.php
	Line: 746
	Function: run

	File: phar://C:/Users/sandr/xampp/php/phpunit/phpunit/Framework/TestSuite.php
	Line: 746
	Function: run

	File: phar://C:/Users/sandr/xampp/php/phpunit/phpunit/TextUI/TestRunner.php
	Line: 641
	Function: run

	File: phar://C:/Users/sandr/xampp/php/phpunit/phpunit/TextUI/Command.php
	Line: 206
	Function: doRun

	File: phar://C:/Users/sandr/xampp/php/phpunit/phpunit/TextUI/Command.php
	Line: 162
	Function: run

	File: C:\Users\sandr\xampp\php\phpunit
	Line: 614
	Function: main

&#13;
&#13;
A PHP Error was encountered&#13;
&#13;
Severity:    Warning
Message:     count(): Parameter must be an array or an object that implements Countable
Filename:    C:\Users\sandr\xampp\htdocs\rpv\application\tests\models\rodoviaria_model_test.php
Line Number: 32&#13;
&#13;
Backtrace:&#13;
	File: C:\Users\sandr\xampp\htdocs\rpv\application\tests\models\rodoviaria_model_test.php
	Line: 32
	Function: _error_handler

	File: phar://C:/Users/sandr/xampp/php/phpunit/phpunit/Framework/TestCase.php
	Line: 1153
	Function: testGetRodoviariasCidadeTest

	File: phar://C:/Users/sandr/xampp/php/phpunit/phpunit/Framework/TestCase.php
	Line: 842
	Function: runTest

	File: phar://C:/Users/sandr/xampp/php/phpunit/phpunit/Framework/TestResult.php
	Line: 687
	Function: runBare

	File: phar://C:/Users/sandr/xampp/php/phpunit/phpunit/Framework/TestCase.php
	Line: 796
	Function: run

	File: phar://C:/Users/sandr/xampp/php/phpunit/phpunit/Framework/TestSuite.php
	Line: 746
	Function: run

	File: phar://C:/Users/sandr/xampp/php/phpunit/phpunit/Framework/TestSuite.php
	Line: 746
	Function: run

	File: phar://C:/Users/sandr/xampp/php/phpunit/phpunit/TextUI/TestRunner.php
	Line: 641
	Function: run

	File: phar://C:/Users/sandr/xampp/php/phpunit/phpunit/TextUI/Command.php
	Line: 206
	Function: doRun

	File: phar://C:/Users/sandr/xampp/php/phpunit/phpunit/TextUI/Command.php
	Line: 162
	Function: run

	File: C:\Users\sandr\xampp\php\phpunit
	Line: 614
	Function: main

&#13;
&#13;
A PHP Error was encountered&#13;
&#13;
Severity:    Warning
Message:     count(): Parameter must be an array or an object that implements Countable
Filename:    C:\Users\sandr\xampp\htdocs\rpv\application\tests\models\rodoviaria_model_test.php
Line Number: 32&#13;
&#13;
Backtrace:&#13;
	File: C:\Users\sandr\xampp\htdocs\rpv\application\tests\models\rodoviaria_model_test.php
	Line: 32
	Function: _error_handler

	File: phar://C:/Users/sandr/xampp/php/phpunit/phpunit/Framework/TestCase.php
	Line: 1153
	Function: testGetRodoviariasCidadeTest

	File: phar://C:/Users/sandr/xampp/php/phpunit/phpunit/Framework/TestCase.php
	Line: 842
	Function: runTest

	File: phar://C:/Users/sandr/xampp/php/phpunit/phpunit/Framework/TestResult.php
	Line: 687
	Function: runBare

	File: phar://C:/Users/sandr/xampp/php/phpunit/phpunit/Framework/TestCase.php
	Line: 796
	Function: run

	File: phar://C:/Users/sandr/xampp/php/phpunit/phpunit/Framework/TestSuite.php
	Line: 746
	Function: run

	File: phar://C:/Users/sandr/xampp/php/phpunit/phpunit/Framework/TestSuite.php
	Line: 746
	Function: run

	File: phar://C:/Users/sandr/xampp/php/phpunit/phpunit/TextUI/TestRunner.php
	Line: 641
	Function: run

	File: phar://C:/Users/sandr/xampp/php/phpunit/phpunit/TextUI/Command.php
	Line: 206
	Function: doRun

	File: phar://C:/Users/sandr/xampp/php/phpunit/phpunit/TextUI/Command.php
	Line: 162
	Function: run

	File: C:\Users\sandr\xampp\php\phpunit
	Line: 614
	Function: main

&#13;
&#13;
A PHP Error was encountered&#13;
&#13;
Severity:    Warning
Message:     count(): Parameter must be an array or an object that implements Countable
Filename:    C:\Users\sandr\xampp\htdocs\rpv\application\tests\models\rodoviaria_model_test.php
Line Number: 32&#13;
&#13;
Backtrace:&#13;
	File: C:\Users\sandr\xampp\htdocs\rpv\application\tests\models\rodoviaria_model_test.php
	Line: 32
	Function: _error_handler

	File: phar://C:/Users/sandr/xampp/php/phpunit/phpunit/Framework/TestCase.php
	Line: 1153
	Function: testGetRodoviariasCidadeTest

	File: phar://C:/Users/sandr/xampp/php/phpunit/phpunit/Framework/TestCase.php
	Line: 842
	Function: runTest

	File: phar://C:/Users/sandr/xampp/php/phpunit/phpunit/Framework/TestResult.php
	Line: 687
	Function: runBare

	File: phar://C:/Users/sandr/xampp/php/phpunit/phpunit/Framework/TestCase.php
	Line: 796
	Function: run

	File: phar://C:/Users/sandr/xampp/php/phpunit/phpunit/Framework/TestSuite.php
	Line: 746
	Function: run

	File: phar://C:/Users/sandr/xampp/php/phpunit/phpunit/Framework/TestSuite.php
	Line: 746
	Function: run

	File: phar://C:/Users/sandr/xampp/php/phpunit/phpunit/TextUI/TestRunner.php
	Line: 641
	Function: run

	File: phar://C:/Users/sandr/xampp/php/phpunit/phpunit/TextUI/Command.php
	Line: 206
	Function: doRun

	File: phar://C:/Users/sandr/xampp/php/phpunit/phpunit/TextUI/Command.php
	Line: 162
	Function: run

	File: C:\Users\sandr\xampp\php\phpunit
	Line: 614
	Function: main

&#13;
</system-out>
      </testcase>
      <testcase name="testInsertionRodoviariaCidadeCorreta" class="rodoviaria_model_test" classname="rodoviaria_model_test" file="C:\Users\sandr\xampp\htdocs\rpv\application\tests\models\rodoviaria_model_test.php" line="37" assertions="1" time="0.025611">
        <system-out>&#13;
&#13;
</system-out>
      </testcase>
    </testsuite>
  </testsuite>
</testsuites>
